================================================================================
Pennsieve Invite Sender
================================================================================

Configuration:
  Pennsieve Host: https://api.pennsieve.io
  Organization ID: N:organization:388563ac-49b5-4fc1-b6b0-2fba767e54b0
  CSV File: ./data/output/uninvited_members.csv
  Default Permission: manager
  API Key: eyJraWQiOiJwcjhTaWE2...

Loading invites from: ./data/output/uninvited_members.csv
Found 64 users to invite

================================================================================
Users to invite:
  1. Aditya Lahiri (lahiria@chop.edu)
  2. Ayman Rezk (ayman.rezk@pennmedicine.upenn.edu)
  3. Ben Stear (stearb@chop.edu)
  4. Bruktawit Goshu (goshub@pennmedicine.upenn.edu)
  5. Calvin Banning (banningcalvin@gmail.com)
  6. Harrison Wang (harrison.wang@pennmedicine.upenn.edu)
  7. Hsiangyung(Louis) Wang (wanghy@seas.upenn.edu)
  8. Melody Tan (tan.melodyc@gmail.com)
  9. Olivia Lien (ytl0509@seas.upenn.edu)
  10. Raghavendra Basavaraja (basavarr@pennmedicine.upenn.edu)
  11. Ruoyu Wu (rw3045@seas.upenn.edu)
  12. Ryan Rahman (rahmanr@pennmedicine.upenn.edu)
  13. Sai Chaluvadi (sai.chaluvadi@pennmedicine.upenn.edu)
  14. Sean Nasta (sean.nasta@pennmedicine.upenn.edu)
  15. Sharon Adamski (sadamski@pennmedicine.upenn.edu)
  16. Sriharsha Mopidevi (sriharshamvs@gmail.com)
  17. Yunjun (yjk@seas.upenn.edu)
  18. Andrew Hart (hartand@upenn.edu)
  19. Angel Shi (angelshi@sas.upenn.edu)
  20. Asif Chinwalla (chinwallaa@chop.edu)
  21. Benjamin Liu (liuben398@gmail.com)
  22. Cen Li (licen@nwipb.cas.cn)
  23. Kevin Wang (wankevin@sas.upenn.edu)
  24. Krithika Lingappan (kdocneo@upenn.edu)
  25. Rachel Wu (wurachel@seas.upenn.edu)
  26. Sy Hwang (sy.hwang@pennmedicine.upenn.edu)
  27. Yidi Huang (huangy897@gmail.com)
  28. Zhiyang Gan (gzyang@seas.upenn.edu)
  29. Aarathi Raghuraman (aarathiraghuraman@gmail.com)
  30. Aastha Pal (apal9@seas.upenn.edu)
  31. Alexis Garofalo (alexisg0208@gmail.com)
  32. Brijesh Karanam (bkaranam33@gmail.com)
  33. Bryant Duong (bryant.duong@pennmedicine.upenn.edu)
  34. Chanchal Bajoria (cbajoria@seas.upenn.edu)
  35. Damian Maseda (dmaseda@gmail.com)
  36. Deanne Taylor (deannetaylorphd@gmail.com)
  37. Ekaterina Shipilova (eshipilova@wistar.org)
  38. Harrison Wang (harrison.c.wang@pennmedicine.upenn.edu)
  39. Hita Kambhamettu (hitakam@seas.upenn.edu)
  40. Jacqueline Boccanfuso (jacb@seas.upenn.edu)
  41. James Terry (jamestcmd@gmail.com)
  42. Jennifer Ferd (jferd@seas.upenn.edu)
  43. Jiatao Liang (jiatao.liang@pennmedicine.upenn.edu)
  44. Jouella Fabe (jojofabe@gmail.com)
  45. Julia Han Noll (juliahannoll@gmail.com)
  46. Julia Vresilovic (julia.vresilovic@pennmedicine.upenn.edu)
  47. Ken Hassinger (khassinger22@gmail.com)
  48. Lening Zhao (lnzhao@seas.upenn.edu)
  49. Leonardo Guercio (lguercio@pennmedicine.upenn.edu)
  50. Lisa Sun (lisasun@seas.upenn.edu)
  51. Malek Kamoun (malekkam@pennmedicine.upenn.edu)
  52. Matei Ionita (matei.ionita@gmail.com)
  53. Muskan Lather (muskan.lather@pennmedicine.upenn.edu)
  54. rohit khurana (roboatory@gmail.com)
  55. Rui Xiao (ruicatx@upenn.edu)
  56. Samuel Prabhakar Vara (samuelpv@seas.upenn.edu)
  57. Skyler Zhou (skylerzzc@gmail.com)
  58. Tiffany Yeh (tyeh8@seas.upenn.edu)
  59. Tyler Yang (tyang@wistar.org)
  60. Van Truong (scientistvan@gmail.com)
  61. Vijay kumar Samayamantula (vijaykumar.samayamantula@pennmedicine.upenn.edu)
  62. Willard Washington Ford (willardwashingtonford@gmail.com)
  63. Yan Pan (pan4@seas.upenn.edu)
  64. Yujie Ye (yeyuje123@hotmail.com)
================================================================================

Proceed with sending invites? (yes/no): 
Sending 64 invite(s)
  URL: https://api.pennsieve.io/organizations/N:organization:388563ac-49b5-4fc1-b6b0-2fba767e54b0/members
  Role: manager
  Payload: {
  "invites": [
    {
      "firstName": "Aditya",
      "lastName": "Lahiri",
      "email": "lahiria@chop.edu",
      "customMessage": "Welcome to the Pennsieve Hackathon",
      "inviteRole": "1"
    },
    {
      "firstName": "Ayman",
      "lastName": "Rezk",
      "email": "ayman.rezk@pennmedicine.upenn.edu",
      "customMessage": "Welcome to the Pennsieve Hackathon",
      "inviteRole": "1"
    },
    {
      "firstName": "Ben",
      "lastName": "Stear",
      "email": "stearb@chop.edu",
      "customMessage": "Welcome to the Pennsieve Hackathon",
      "inviteRole": "1"
    },
    {
      "firstName": "Bruktawit",
      "lastName": "Goshu",
      "email": "goshub@pennmedicine.upenn.edu",
      "customMessage": "Welcome to the Pennsieve Hackathon",
      "inviteRole": "1"
    },
    {
      "firstName": "Calvin",
      "lastName": "Banning",
      "email": "banningcalvin@gmail.com",
      "customMessage": "Welcome to the Pennsieve Hackathon",
      "inviteRole": "1"
    },
    {
      "firstName": "Harrison",
      "lastName": "Wang",
      "email": "harrison.wang@pennmedicine.upenn.edu",
      "customMessage": "Welcome to the Pennsieve Hackathon",
      "inviteRole": "1"
    },
    {
      "firstName": "Hsiangyung(Louis)",
      "lastName": "Wang",
      "email": "wanghy@seas.upenn.edu",
      "customMessage": "Welcome to the Pennsieve Hackathon",
      "inviteRole": "1"
    },
    {
      "firstName": "Melody",
      "lastName": "Tan",
      "email": "tan.melodyc@gmail.com",
      "customMessage": "Welcome to the Pennsieve Hackathon",
      "inviteRole": "1"
    },
    {
      "firstName": "Olivia",
      "lastName": "Lien",
      "email": "ytl0509@seas.upenn.edu",
      "customMessage": "Welcome to the Pennsieve Hackathon",
      "inviteRole": "1"
    },
    {
      "firstName": "Raghavendra",
      "lastName": "Basavaraja",
      "email": "basavarr@pennmedicine.upenn.edu",
      "customMessage": "Welcome to the Pennsieve Hackathon",
      "inviteRole": "1"
    },
    {
      "firstName": "Ruoyu",
      "lastName": "Wu",
      "email": "rw3045@seas.upenn.edu",
      "customMessage": "Welcome to the Pennsieve Hackathon",
      "inviteRole": "1"
    },
    {
      "firstName": "Ryan",
      "lastName": "Rahman",
      "email": "rahmanr@pennmedicine.upenn.edu",
      "customMessage": "Welcome to the Pennsieve Hackathon",
      "inviteRole": "1"
    },
    {
      "firstName": "Sai",
      "lastName": "Chaluvadi",
      "email": "sai.chaluvadi@pennmedicine.upenn.edu",
      "customMessage": "Welcome to the Pennsieve Hackathon",
      "inviteRole": "1"
    },
    {
      "firstName": "Sean",
      "lastName": "Nasta",
      "email": "sean.nasta@pennmedicine.upenn.edu",
      "customMessage": "Welcome to the Pennsieve Hackathon",
      "inviteRole": "1"
    },
    {
      "firstName": "Sharon",
      "lastName": "Adamski",
      "email": "sadamski@pennmedicine.upenn.edu",
      "customMessage": "Welcome to the Pennsieve Hackathon",
      "inviteRole": "1"
    },
    {
      "firstName": "Sriharsha",
      "lastName": "Mopidevi",
      "email": "sriharshamvs@gmail.com",
      "customMessage": "Welcome to the Pennsieve Hackathon",
      "inviteRole": "1"
    },
    {
      "firstName": "Yunjun",
      "lastName": "",
      "email": "yjk@seas.upenn.edu",
      "customMessage": "Welcome to the Pennsieve Hackathon",
      "inviteRole": "1"
    },
    {
      "firstName": "Andrew",
      "lastName": "Hart",
      "email": "hartand@upenn.edu",
      "customMessage": "Welcome to the Pennsieve Hackathon",
      "inviteRole": "1"
    },
    {
      "firstName": "Angel",
      "lastName": "Shi",
      "email": "angelshi@sas.upenn.edu",
      "customMessage": "Welcome to the Pennsieve Hackathon",
      "inviteRole": "1"
    },
    {
      "firstName": "Asif",
      "lastName": "Chinwalla",
      "email": "chinwallaa@chop.edu",
      "customMessage": "Welcome to the Pennsieve Hackathon",
      "inviteRole": "1"
    },
    {
      "firstName": "Benjamin",
      "lastName": "Liu",
      "email": "liuben398@gmail.com",
      "customMessage": "Welcome to the Pennsieve Hackathon",
      "inviteRole": "1"
    },
    {
      "firstName": "Cen",
      "lastName": "Li",
      "email": "licen@nwipb.cas.cn",
      "customMessage": "Welcome to the Pennsieve Hackathon",
      "inviteRole": "1"
    },
    {
      "firstName": "Kevin",
      "lastName": "Wang",
      "email": "wankevin@sas.upenn.edu",
      "customMessage": "Welcome to the Pennsieve Hackathon",
      "inviteRole": "1"
    },
    {
      "firstName": "Krithika",
      "lastName": "Lingappan",
      "email": "kdocneo@upenn.edu",
      "customMessage": "Welcome to the Pennsieve Hackathon",
      "inviteRole": "1"
    },
    {
      "firstName": "Rachel",
      "lastName": "Wu",
      "email": "wurachel@seas.upenn.edu",
      "customMessage": "Welcome to the Pennsieve Hackathon",
      "inviteRole": "1"
    },
    {
      "firstName": "Sy",
      "lastName": "Hwang",
      "email": "sy.hwang@pennmedicine.upenn.edu",
      "customMessage": "Welcome to the Pennsieve Hackathon",
      "inviteRole": "1"
    },
    {
      "firstName": "Yidi",
      "lastName": "Huang",
      "email": "huangy897@gmail.com",
      "customMessage": "Welcome to the Pennsieve Hackathon",
      "inviteRole": "1"
    },
    {
      "firstName": "Zhiyang",
      "lastName": "Gan",
      "email": "gzyang@seas.upenn.edu",
      "customMessage": "Welcome to the Pennsieve Hackathon",
      "inviteRole": "1"
    },
    {
      "firstName": "Aarathi",
      "lastName": "Raghuraman",
      "email": "aarathiraghuraman@gmail.com",
      "customMessage": "Welcome to the Pennsieve Hackathon",
      "inviteRole": "1"
    },
    {
      "firstName": "Aastha",
      "lastName": "Pal",
      "email": "apal9@seas.upenn.edu",
      "customMessage": "Welcome to the Pennsieve Hackathon",
      "inviteRole": "1"
    },
    {
      "firstName": "Alexis",
      "lastName": "Garofalo",
      "email": "alexisg0208@gmail.com",
      "customMessage": "Welcome to the Pennsieve Hackathon",
      "inviteRole": "1"
    },
    {
      "firstName": "Brijesh",
      "lastName": "Karanam",
      "email": "bkaranam33@gmail.com",
      "customMessage": "Welcome to the Pennsieve Hackathon",
      "inviteRole": "1"
    },
    {
      "firstName": "Bryant",
      "lastName": "Duong",
      "email": "bryant.duong@pennmedicine.upenn.edu",
      "customMessage": "Welcome to the Pennsieve Hackathon",
      "inviteRole": "1"
    },
    {
      "firstName": "Chanchal",
      "lastName": "Bajoria",
      "email": "cbajoria@seas.upenn.edu",
      "customMessage": "Welcome to the Pennsieve Hackathon",
      "inviteRole": "1"
    },
    {
      "firstName": "Damian",
      "lastName": "Maseda",
      "email": "dmaseda@gmail.com",
      "customMessage": "Welcome to the Pennsieve Hackathon",
      "inviteRole": "1"
    },
    {
      "firstName": "Deanne",
      "lastName": "Taylor",
      "email": "deannetaylorphd@gmail.com",
      "customMessage": "Welcome to the Pennsieve Hackathon",
      "inviteRole": "1"
    },
    {
      "firstName": "Ekaterina",
      "lastName": "Shipilova",
      "email": "eshipilova@wistar.org",
      "customMessage": "Welcome to the Pennsieve Hackathon",
      "inviteRole": "1"
    },
    {
      "firstName": "Harrison",
      "lastName": "Wang",
      "email": "harrison.c.wang@pennmedicine.upenn.edu",
      "customMessage": "Welcome to the Pennsieve Hackathon",
      "inviteRole": "1"
    },
    {
      "firstName": "Hita",
      "lastName": "Kambhamettu",
      "email": "hitakam@seas.upenn.edu",
      "customMessage": "Welcome to the Pennsieve Hackathon",
      "inviteRole": "1"
    },
    {
      "firstName": "Jacqueline",
      "lastName": "Boccanfuso",
      "email": "jacb@seas.upenn.edu",
      "customMessage": "Welcome to the Pennsieve Hackathon",
      "inviteRole": "1"
    },
    {
      "firstName": "James",
      "lastName": "Terry",
      "email": "jamestcmd@gmail.com",
      "customMessage": "Welcome to the Pennsieve Hackathon",
      "inviteRole": "1"
    },
    {
      "firstName": "Jennifer",
      "lastName": "Ferd",
      "email": "jferd@seas.upenn.edu",
      "customMessage": "Welcome to the Pennsieve Hackathon",
      "inviteRole": "1"
    },
    {
      "firstName": "Jiatao",
      "lastName": "Liang",
      "email": "jiatao.liang@pennmedicine.upenn.edu",
      "customMessage": "Welcome to the Pennsieve Hackathon",
      "inviteRole": "1"
    },
    {
      "firstName": "Jouella",
      "lastName": "Fabe",
      "email": "jojofabe@gmail.com",
      "customMessage": "Welcome to the Pennsieve Hackathon",
      "inviteRole": "1"
    },
    {
      "firstName": "Julia",
      "lastName": "Han Noll",
      "email": "juliahannoll@gmail.com",
      "customMessage": "Welcome to the Pennsieve Hackathon",
      "inviteRole": "1"
    },
    {
      "firstName": "Julia",
      "lastName": "Vresilovic",
      "email": "julia.vresilovic@pennmedicine.upenn.edu",
      "customMessage": "Welcome to the Pennsieve Hackathon",
      "inviteRole": "1"
    },
    {
      "firstName": "Ken",
      "lastName": "Hassinger",
      "email": "khassinger22@gmail.com",
      "customMessage": "Welcome to the Pennsieve Hackathon",
      "inviteRole": "1"
    },
    {
      "firstName": "Lening",
      "lastName": "Zhao",
      "email": "lnzhao@seas.upenn.edu",
      "customMessage": "Welcome to the Pennsieve Hackathon",
      "inviteRole": "1"
    },
    {
      "firstName": "Leonardo",
      "lastName": "Guercio",
      "email": "lguercio@pennmedicine.upenn.edu",
      "customMessage": "Welcome to the Pennsieve Hackathon",
      "inviteRole": "1"
    },
    {
      "firstName": "Lisa",
      "lastName": "Sun",
      "email": "lisasun@seas.upenn.edu",
      "customMessage": "Welcome to the Pennsieve Hackathon",
      "inviteRole": "1"
    },
    {
      "firstName": "Malek",
      "lastName": "Kamoun",
      "email": "malekkam@pennmedicine.upenn.edu",
      "customMessage": "Welcome to the Pennsieve Hackathon",
      "inviteRole": "1"
    },
    {
      "firstName": "Matei",
      "lastName": "Ionita",
      "email": "matei.ionita@gmail.com",
      "customMessage": "Welcome to the Pennsieve Hackathon",
      "inviteRole": "1"
    },
    {
      "firstName": "Muskan",
      "lastName": "Lather",
      "email": "muskan.lather@pennmedicine.upenn.edu",
      "customMessage": "Welcome to the Pennsieve Hackathon",
      "inviteRole": "1"
    },
    {
      "firstName": "rohit",
      "lastName": "khurana",
      "email": "roboatory@gmail.com",
      "customMessage": "Welcome to the Pennsieve Hackathon",
      "inviteRole": "1"
    },
    {
      "firstName": "Rui",
      "lastName": "Xiao",
      "email": "ruicatx@upenn.edu",
      "customMessage": "Welcome to the Pennsieve Hackathon",
      "inviteRole": "1"
    },
    {
      "firstName": "Samuel",
      "lastName": "Prabhakar Vara",
      "email": "samuelpv@seas.upenn.edu",
      "customMessage": "Welcome to the Pennsieve Hackathon",
      "inviteRole": "1"
    },
    {
      "firstName": "Skyler",
      "lastName": "Zhou",
      "email": "skylerzzc@gmail.com",
      "customMessage": "Welcome to the Pennsieve Hackathon",
      "inviteRole": "1"
    },
    {
      "firstName": "Tiffany",
      "lastName": "Yeh",
      "email": "tyeh8@seas.upenn.edu",
      "customMessage": "Welcome to the Pennsieve Hackathon",
      "inviteRole": "1"
    },
    {
      "firstName": "Tyler",
      "lastName": "Yang",
      "email": "tyang@wistar.org",
      "customMessage": "Welcome to the Pennsieve Hackathon",
      "inviteRole": "1"
    },
    {
      "firstName": "Van",
      "lastName": "Truong",
      "email": "scientistvan@gmail.com",
      "customMessage": "Welcome to the Pennsieve Hackathon",
      "inviteRole": "1"
    },
    {
      "firstName": "Vijay",
      "lastName": "kumar Samayamantula",
      "email": "vijaykumar.samayamantula@pennmedicine.upenn.edu",
      "customMessage": "Welcome to the Pennsieve Hackathon",
      "inviteRole": "1"
    },
    {
      "firstName": "Willard",
      "lastName": "Washington Ford",
      "email": "willardwashingtonford@gmail.com",
      "customMessage": "Welcome to the Pennsieve Hackathon",
      "inviteRole": "1"
    },
    {
      "firstName": "Yan",
      "lastName": "Pan",
      "email": "pan4@seas.upenn.edu",
      "customMessage": "Welcome to the Pennsieve Hackathon",
      "inviteRole": "1"
    },
    {
      "firstName": "Yujie",
      "lastName": "Ye",
      "email": "yeyuje123@hotmail.com",
      "customMessage": "Welcome to the Pennsieve Hackathon",
      "inviteRole": "1"
    }
  ],
  "role": "manager"
}
✓ Successfully sent invites
  Response: {
  "pan4@seas.upenn.edu": {
    "success": true,
    "message": "Invited new user to organization: Pennsieve Hackathon",
    "email": "pan4@seas.upenn.edu",
    "invite": {
      "id": "N:user:57a14925-5a93-484b-9ea2-bdb32ab22312",
      "email": "pan4@seas.upenn.edu",
      "firstName": "Yan",
      "lastName": "Pan",
      "permission": "administer",
      "validUntil": "2026-05-17T14:37:05.644Z"
    }
  },
  "liuben398@gmail.com": {
    "success": true,
    "message": "Invited new user to organization: Pennsieve Hackathon",
    "email": "liuben398@gmail.com",
    "invite": {
      "id": "N:user:d5e3cd1d-236e-4534-9df7-66f57d6a8a5a",
      "email": "liuben398@gmail.com",
      "firstName": "Benjamin",
      "lastName": "Liu",
      "permission": "administer",
      "validUntil": "2026-05-17T14:37:05.657Z"
    }
  },
  "willardwashingtonford@gmail.com": {
    "success": true,
    "message": "Invited new user to organization: Pennsieve Hackathon",
    "email": "willardwashingtonford@gmail.com",
    "invite": {
      "id": "N:user:95da0483-8d66-4a21-93b0-2b7b8974f1bd",
      "email": "willardwashingtonford@gmail.com",
      "firstName": "Willard",
      "lastName": "Washington Ford",
      "permission": "administer",
      "validUntil": "2026-05-17T14:37:05.641Z"
    }
  },
  "tyang@wistar.org": {
    "success": true,
    "message": "Invited new user to organization: Pennsieve Hackathon",
    "email": "tyang@wistar.org",
    "invite": {
      "id": "N:user:f2692bc3-07a2-4651-8054-41ab34968748",
      "email": "tyang@wistar.org",
      "firstName": "Tyler",
      "lastName": "Yang",
      "permission": "administer",
      "validUntil": "2026-05-17T14:37:05.644Z"
    }
  },
  "lnzhao@seas.upenn.edu": {
    "success": true,
    "message": "Invited new user to organization: Pennsieve Hackathon",
    "email": "lnzhao@seas.upenn.edu",
    "invite": {
      "id": "N:user:13e13136-24d5-4e22-8fdf-0ae7d70294e6",
      "email": "lnzhao@seas.upenn.edu",
      "firstName": "Lening",
      "lastName": "Zhao",
      "permission": "administer",
      "validUntil": "2026-05-17T14:37:05.657Z"
    }
  },
  "muskan.lather@pennmedicine.upenn.edu": {
    "success": true,
    "message": "Invited new user to organization: Pennsieve Hackathon",
    "email": "muskan.lather@pennmedicine.upenn.edu",
    "invite": {
      "id": "N:user:eab6f07f-6410-4c73-84ae-9172c57898a9",
      "email": "muskan.lather@pennmedicine.upenn.edu",
      "firstName": "Muskan",
      "lastName": "Lather",
      "permission": "administer",
      "validUntil": "2026-05-17T14:37:05.657Z"
    }
  },
  "angelshi@sas.upenn.edu": {
    "success": true,
    "message": "Invited new user to organization: Pennsieve Hackathon",
    "email": "angelshi@sas.upenn.edu",
    "invite": {
      "id": "N:user:4d50dfc2-40f7-49ed-bdcb-57fe28db5a6d",
      "email": "angelshi@sas.upenn.edu",
      "firstName": "Angel",
      "lastName": "Shi",
      "permission": "administer",
      "validUntil": "2026-05-17T14:37:05.654Z"
    }
  },
  "goshub@pennmedicine.upenn.edu": {
    "success": true,
    "message": "Invited new user to organization: Pennsieve Hackathon",
    "email": "goshub@pennmedicine.upenn.edu",
    "invite": {
      "id": "N:user:01c7c076-7757-4ac1-80c0-e9a697ac6af1",
      "email": "goshub@pennmedicine.upenn.edu",
      "firstName": "Bruktawit",
      "lastName": "Goshu",
      "permission": "administer",
      "validUntil": "2026-05-17T14:37:05.644Z"
    }
  },
  "chinwallaa@chop.edu": {
    "success": true,
    "message": "Invited new user to organization: Pennsieve Hackathon",
    "email": "chinwallaa@chop.edu",
    "invite": {
      "id": "N:user:e81aa505-649d-4a79-933e-8371996d1668",
      "email": "chinwallaa@chop.edu",
      "firstName": "Asif",
      "lastName": "Chinwalla",
      "permission": "administer",
      "validUntil": "2026-05-17T14:37:05.655Z"
    }
  },
  "deannetaylorphd@gmail.com": {
    "success": true,
    "message": "Invited new user to organization: Pennsieve Hackathon",
    "email": "deannetaylorphd@gmail.com",
    "invite": {
      "id": "N:user:4d959815-f9c4-4e63-814a-3b10d6a91765",
      "email": "deannetaylorphd@gmail.com",
      "firstName": "Deanne",
      "lastName": "Taylor",
      "permission": "administer",
      "validUntil": "2026-05-17T14:37:05.657Z"
    }
  },
  "sadamski@pennmedicine.upenn.edu": {
    "success": true,
    "message": "Added existing user to organization: Pennsieve Hackathon",
    "email": "sadamski@pennmedicine.upenn.edu",
    "user": {
      "id": "N:user:6f026f1d-a252-4acc-bb4a-1f03ebb18f9a",
      "email": "sadamski@pennmedicine.upenn.edu",
      "firstName": "Sharon",
      "middleInitial": "",
      "lastName": "Adamski",
      "credential": "",
      "color": "#F45D01",
      "url": "",
      "authyId": 0,
      "isSuperAdmin": false,
      "isIntegrationUser": false,
      "createdAt": "2023-05-05T13:59:56.878923Z",
      "updatedAt": "2023-05-05T14:08:38.971281Z",
      "orcid": {
        "name": "Sharon Adamski",
        "orcid": "0000-0001-5933-5292",
        "scope": [
          "/read-limited",
          "/activities/update"
        ]
      },
      "customTermsOfService": [],
      "intId": 1484
    }
  },
  "wankevin@sas.upenn.edu": {
    "success": true,
    "message": "Added existing user to organization: Pennsieve Hackathon",
    "email": "wankevin@sas.upenn.edu",
    "user": {
      "id": "N:user:90cb14d5-40db-43df-aa44-8bcec4526c69",
      "email": "wankevin@sas.upenn.edu",
      "firstName": "Kevin",
      "lastName": "Wang",
      "credential": "Clinical Research Coordinator",
      "color": "#EE8434",
      "url": "",
      "authyId": 0,
      "isSuperAdmin": false,
      "isIntegrationUser": false,
      "createdAt": "2025-02-17T22:58:08.829838Z",
      "updatedAt": "2025-10-09T20:06:42.523801Z",
      "customTermsOfService": [],
      "intId": 2002
    }
  },
  "matei.ionita@gmail.com": {
    "success": true,
    "message": "Invited new user to organization: Pennsieve Hackathon",
    "email": "matei.ionita@gmail.com",
    "invite": {
      "id": "N:user:53971877-747e-44e2-b8dd-31ad2eb31fa7",
      "email": "matei.ionita@gmail.com",
      "firstName": "Matei",
      "lastName": "Ionita",
      "permission": "administer",
      "validUntil": "2026-05-17T14:37:05.642Z"
    }
  },
  "jiatao.liang@pennmedicine.upenn.edu": {
    "success": true,
    "message": "Invited new user to organization: Pennsieve Hackathon",
    "email": "jiatao.liang@pennmedicine.upenn.edu",
    "invite": {
      "id": "N:user:3b6ca00d-f74f-4b8e-93d9-272b6cc611d0",
      "email": "jiatao.liang@pennmedicine.upenn.edu",
      "firstName": "Jiatao",
      "lastName": "Liang",
      "permission": "administer",
      "validUntil": "2026-05-17T14:37:05.645Z"
    }
  },
  "cbajoria@seas.upenn.edu": {
    "success": true,
    "message": "Invited new user to organization: Pennsieve Hackathon",
    "email": "cbajoria@seas.upenn.edu",
    "invite": {
      "id": "N:user:fb757d48-e9c3-4525-86a3-2890c435d96e",
      "email": "cbajoria@seas.upenn.edu",
      "firstName": "Chanchal",
      "lastName": "Bajoria",
      "permission": "administer",
      "validUntil": "2026-05-17T14:37:05.637Z"
    }
  },
  "rw3045@seas.upenn.edu": {
    "success": true,
    "message": "Invited new user to organization: Pennsieve Hackathon",
    "email": "rw3045@seas.upenn.edu",
    "invite": {
      "id": "N:user:015e59d0-6bf0-4db3-af24-f4cc31a250f8",
      "email": "rw3045@seas.upenn.edu",
      "firstName": "Ruoyu",
      "lastName": "Wu",
      "permission": "administer",
      "validUntil": "2026-05-17T14:37:05.644Z"
    }
  },
  "licen@nwipb.cas.cn": {
    "success": true,
    "message": "Invited new user to organization: Pennsieve Hackathon",
    "email": "licen@nwipb.cas.cn",
    "invite": {
      "id": "N:user:550c8f38-bd9a-4985-8594-125f4f212d07",
      "email": "licen@nwipb.cas.cn",
      "firstName": "Cen",
      "lastName": "Li",
      "permission": "administer",
      "validUntil": "2026-05-17T14:37:05.656Z"
    }
  },
  "stearb@chop.edu": {
    "success": true,
    "message": "Invited new user to organization: Pennsieve Hackathon",
    "email": "stearb@chop.edu",
    "invite": {
      "id": "N:user:1f3490a1-5eb3-46de-a040-895a3ad4817c",
      "email": "stearb@chop.edu",
      "firstName": "Ben",
      "lastName": "Stear",
      "permission": "administer",
      "validUntil": "2026-05-17T14:37:05.65Z"
    }
  },
  "lguercio@pennmedicine.upenn.edu": {
    "success": true,
    "message": "Invited new user to organization: Pennsieve Hackathon",
    "email": "lguercio@pennmedicine.upenn.edu",
    "invite": {
      "id": "N:user:7be6130f-a589-4c4f-b020-3dd715a99c99",
      "email": "lguercio@pennmedicine.upenn.edu",
      "firstName": "Leonardo",
      "lastName": "Guercio",
      "permission": "administer",
      "validUntil": "2026-05-17T14:37:05.649Z"
    }
  },
  "harrison.wang@pennmedicine.upenn.edu": {
    "success": true,
    "message": "Invited new user to organization: Pennsieve Hackathon",
    "email": "harrison.wang@pennmedicine.upenn.edu",
    "invite": {
      "id": "N:user:75340e5c-5034-4c7c-80ff-3c94c96dbd84",
      "email": "harrison.wang@pennmedicine.upenn.edu",
      "firstName": "Harrison",
      "lastName": "Wang",
      "permission": "administer",
      "validUntil": "2026-05-17T14:37:05.65Z"
    }
  },
  "vijaykumar.samayamantula@pennmedicine.upenn.edu": {
    "success": true,
    "message": "Invited new user to organization: Pennsieve Hackathon",
    "email": "vijaykumar.samayamantula@pennmedicine.upenn.edu",
    "invite": {
      "id": "N:user:b7636dbf-e348-4446-b2d5-d9e478252a47",
      "email": "vijaykumar.samayamantula@pennmedicine.upenn.edu",
      "firstName": "Vijay",
      "lastName": "kumar Samayamantula",
      "permission": "administer",
      "validUntil": "2026-05-17T14:37:05.656Z"
    }
  },
  "jacb@seas.upenn.edu": {
    "success": true,
    "message": "Added existing user to organization: Pennsieve Hackathon",
    "email": "jacb@seas.upenn.edu",
    "user": {
      "id": "N:user:40c5309f-6565-48b8-825b-875fc1ccd983",
      "email": "jacb@seas.upenn.edu",
      "firstName": "Jacqueline",
      "middleInitial": "B",
      "lastName": "Boccanfuso",
      "degree": "M.S.",
      "credential": "Project Manager",
      "color": "#7765E3",
      "url": "",
      "authyId": 0,
      "isSuperAdmin": false,
      "isIntegrationUser": false,
      "createdAt": "2017-11-08T14:44:10.604988Z",
      "updatedAt": "2025-11-14T15:54:26.850077Z",
      "orcid": {
        "name": "Jacqueline Boccanfuso",
        "orcid": "0000-0003-1307-2268",
        "scope": [
          "/read-limited",
          "/activities/update"
        ]
      },
      "customTermsOfService": [],
      "intId": 97
    }
  },
  "eshipilova@wistar.org": {
    "success": true,
    "message": "Invited new user to organization: Pennsieve Hackathon",
    "email": "eshipilova@wistar.org",
    "invite": {
      "id": "N:user:7ca0b99b-2e84-47c2-8011-45f250798baf",
      "email": "eshipilova@wistar.org",
      "firstName": "Ekaterina",
      "lastName": "Shipilova",
      "permission": "administer",
      "validUntil": "2026-05-17T14:37:05.641Z"
    }
  },
  "samuelpv@seas.upenn.edu": {
    "success": true,
    "message": "Invited new user to organization: Pennsieve Hackathon",
    "email": "samuelpv@seas.upenn.edu",
    "invite": {
      "id": "N:user:959289aa-9363-4329-88a3-b3bcb2150086",
      "email": "samuelpv@seas.upenn.edu",
      "firstName": "Samuel",
      "lastName": "Prabhakar Vara",
      "permission": "administer",
      "validUntil": "2026-05-17T14:37:05.657Z"
    }
  },
  "scientistvan@gmail.com": {
    "success": true,
    "message": "Invited new user to organization: Pennsieve Hackathon",
    "email": "scientistvan@gmail.com",
    "invite": {
      "id": "N:user:43208f8f-249a-4398-9264-3b4683b2a0ef",
      "email": "scientistvan@gmail.com",
      "firstName": "Van",
      "lastName": "Truong",
      "permission": "administer",
      "validUntil": "2026-05-17T14:37:05.656Z"
    }
  },
  "khassinger22@gmail.com": {
    "success": true,
    "message": "Added existing user to organization: Pennsieve Hackathon",
    "email": "khassinger22@gmail.com",
    "user": {
      "id": "N:user:3f3cff46-abc2-4dae-b745-d0b3130ffc59",
      "email": "khassinger22@gmail.com",
      "firstName": "Ken 2",
      "lastName": "Hassinger 2",
      "credential": "Director",
      "color": "#654597",
      "url": "",
      "authyId": 0,
      "isSuperAdmin": false,
      "isIntegrationUser": false,
      "createdAt": "2022-10-27T17:31:08.881Z",
      "updatedAt": "2022-11-30T14:45:49.104417Z",
      "customTermsOfService": [],
      "intId": 1377
    }
  },
  "roboatory@gmail.com": {
    "success": true,
    "message": "Invited new user to organization: Pennsieve Hackathon",
    "email": "roboatory@gmail.com",
    "invite": {
      "id": "N:user:f7736f5b-ffcb-40ac-99ce-6185489cf777",
      "email": "roboatory@gmail.com",
      "firstName": "rohit",
      "lastName": "khurana",
      "permission": "administer",
      "validUntil": "2026-05-17T14:37:05.657Z"
    }
  },
  "ytl0509@seas.upenn.edu": {
    "success": true,
    "message": "Invited new user to organization: Pennsieve Hackathon",
    "email": "ytl0509@seas.upenn.edu",
    "invite": {
      "id": "N:user:a22e2b6a-8d75-4da6-9144-3d171e04463c",
      "email": "ytl0509@seas.upenn.edu",
      "firstName": "Olivia",
      "lastName": "Lien",
      "permission": "administer",
      "validUntil": "2026-05-17T14:37:05.644Z"
    }
  },
  "jferd@seas.upenn.edu": {
    "success": true,
    "message": "Invited new user to organization: Pennsieve Hackathon",
    "email": "jferd@seas.upenn.edu",
    "invite": {
      "id": "N:user:20b77bc0-bbd6-4236-bb51-51a1f98e6ae3",
      "email": "jferd@seas.upenn.edu",
      "firstName": "Jennifer",
      "lastName": "Ferd",
      "permission": "administer",
      "validUntil": "2026-05-17T14:37:05.656Z"
    }
  },
  "bkaranam33@gmail.com": {
    "success": true,
    "message": "Invited new user to organization: Pennsieve Hackathon",
    "email": "bkaranam33@gmail.com",
    "invite": {
      "id": "N:user:80353564-fe3b-4adb-bf69-26c45fe61e45",
      "email": "bkaranam33@gmail.com",
      "firstName": "Brijesh",
      "lastName": "Karanam",
      "permission": "administer",
      "validUntil": "2026-05-17T14:37:05.653Z"
    }
  },
  "jamestcmd@gmail.com": {
    "success": true,
    "message": "Invited new user to organization: Pennsieve Hackathon",
    "email": "jamestcmd@gmail.com",
    "invite": {
      "id": "N:user:4129eadf-9bb7-4b1c-b845-e58b2715da71",
      "email": "jamestcmd@gmail.com",
      "firstName": "James",
      "lastName": "Terry",
      "permission": "administer",
      "validUntil": "2026-05-17T14:37:05.657Z"
    }
  },
  "tan.melodyc@gmail.com": {
    "success": true,
    "message": "Invited new user to organization: Pennsieve Hackathon",
    "email": "tan.melodyc@gmail.com",
    "invite": {
      "id": "N:user:2f3ff6ab-ad71-4c9a-a482-52b36468d0bc",
      "email": "tan.melodyc@gmail.com",
      "firstName": "Melody",
      "lastName": "Tan",
      "permission": "administer",
      "validUntil": "2026-05-17T14:37:05.666Z"
    }
  },
  "wurachel@seas.upenn.edu": {
    "success": true,
    "message": "Invited new user to organization: Pennsieve Hackathon",
    "email": "wurachel@seas.upenn.edu",
    "invite": {
      "id": "N:user:e95abe80-1090-414a-9e26-df9a0a8c4f04",
      "email": "wurachel@seas.upenn.edu",
      "firstName": "Rachel",
      "lastName": "Wu",
      "permission": "administer",
      "validUntil": "2026-05-17T14:37:05.642Z"
    }
  },
  "hartand@upenn.edu": {
    "success": true,
    "message": "Invited new user to organization: Pennsieve Hackathon",
    "email": "hartand@upenn.edu",
    "invite": {
      "id": "N:user:b19ef81c-8231-4c29-9a1b-cbaf54679d5b",
      "email": "hartand@upenn.edu",
      "firstName": "Andrew",
      "lastName": "Hart",
      "permission": "administer",
      "validUntil": "2026-05-17T14:37:05.649Z"
    }
  },
  "banningcalvin@gmail.com": {
    "success": true,
    "message": "Invited new user to organization: Pennsieve Hackathon",
    "email": "banningcalvin@gmail.com",
    "invite": {
      "id": "N:user:ac134c85-0c79-4b86-bbcf-b2543feeb983",
      "email": "banningcalvin@gmail.com",
      "firstName": "Calvin",
      "lastName": "Banning",
      "permission": "administer",
      "validUntil": "2026-05-17T14:37:05.665Z"
    }
  },
  "sriharshamvs@gmail.com": {
    "success": true,
    "message": "Invited new user to organization: Pennsieve Hackathon",
    "email": "sriharshamvs@gmail.com",
    "invite": {
      "id": "N:user:87c7ca88-f62f-40b2-8288-4832432d97f5",
      "email": "sriharshamvs@gmail.com",
      "firstName": "Sriharsha",
      "lastName": "Mopidevi",
      "permission": "administer",
      "validUntil": "2026-05-17T14:37:05.656Z"
    }
  },
  "ayman.rezk@pennmedicine.upenn.edu": {
    "success": true,
    "message": "Invited new user to organization: Pennsieve Hackathon",
    "email": "ayman.rezk@pennmedicine.upenn.edu",
    "invite": {
      "id": "N:user:63b7d5da-ca49-4cdf-be38-674a70411a5d",
      "email": "ayman.rezk@pennmedicine.upenn.edu",
      "firstName": "Ayman",
      "lastName": "Rezk",
      "permission": "administer",
      "validUntil": "2026-05-17T14:37:05.657Z"
    }
  },
  "rahmanr@pennmedicine.upenn.edu": {
    "success": true,
    "message": "Invited new user to organization: Pennsieve Hackathon",
    "email": "rahmanr@pennmedicine.upenn.edu",
    "invite": {
      "id": "N:user:e1658cec-a16f-45cd-a7a1-4b287c06932a",
      "email": "rahmanr@pennmedicine.upenn.edu",
      "firstName": "Ryan",
      "lastName": "Rahman",
      "permission": "administer",
      "validUntil": "2026-05-17T14:37:05.642Z"
    }
  },
  "apal9@seas.upenn.edu": {
    "success": true,
    "message": "Invited new user to organization: Pennsieve Hackathon",
    "email": "apal9@seas.upenn.edu",
    "invite": {
      "id": "N:user:535cf9ce-9f8c-472a-bb87-80e252afc21c",
      "email": "apal9@seas.upenn.edu",
      "firstName": "Aastha",
      "lastName": "Pal",
      "permission": "administer",
      "validUntil": "2026-05-17T14:37:05.644Z"
    }
  },
  "tyeh8@seas.upenn.edu": {
    "success": true,
    "message": "Invited new user to organization: Pennsieve Hackathon",
    "email": "tyeh8@seas.upenn.edu",
    "invite": {
      "id": "N:user:71394322-dfe6-4777-8633-ee0f0b443282",
      "email": "tyeh8@seas.upenn.edu",
      "firstName": "Tiffany",
      "lastName": "Yeh",
      "permission": "administer",
      "validUntil": "2026-05-17T14:37:05.642Z"
    }
  },
  "yeyuje123@hotmail.com": {
    "success": true,
    "message": "Invited new user to organization: Pennsieve Hackathon",
    "email": "yeyuje123@hotmail.com",
    "invite": {
      "id": "N:user:456e526b-c679-4f08-beb9-d5574cd48a7c",
      "email": "yeyuje123@hotmail.com",
      "firstName": "Yujie",
      "lastName": "Ye",
      "permission": "administer",
      "validUntil": "2026-05-17T14:37:05.657Z"
    }
  },
  "lisasun@seas.upenn.edu": {
    "success": true,
    "message": "Invited new user to organization: Pennsieve Hackathon",
    "email": "lisasun@seas.upenn.edu",
    "invite": {
      "id": "N:user:b9016701-10df-49a5-a973-a6f484541358",
      "email": "lisasun@seas.upenn.edu",
      "firstName": "Lisa",
      "lastName": "Sun",
      "permission": "administer",
      "validUntil": "2026-05-17T14:37:05.642Z"
    }
  },
  "julia.vresilovic@pennmedicine.upenn.edu": {
    "success": true,
    "message": "Invited new user to organization: Pennsieve Hackathon",
    "email": "julia.vresilovic@pennmedicine.upenn.edu",
    "invite": {
      "id": "N:user:59402473-b3be-4fb3-98d4-3280349b0a73",
      "email": "julia.vresilovic@pennmedicine.upenn.edu",
      "firstName": "Julia",
      "lastName": "Vresilovic",
      "permission": "administer",
      "validUntil": "2026-05-17T14:37:05.658Z"
    }
  },
  "sean.nasta@pennmedicine.upenn.edu": {
    "success": true,
    "message": "Invited new user to organization: Pennsieve Hackathon",
    "email": "sean.nasta@pennmedicine.upenn.edu",
    "invite": {
      "id": "N:user:d12cbc11-5c59-4a3c-86f0-f1aa0ab1f475",
      "email": "sean.nasta@pennmedicine.upenn.edu",
      "firstName": "Sean",
      "lastName": "Nasta",
      "permission": "administer",
      "validUntil": "2026-05-17T14:37:05.647Z"
    }
  },
  "wanghy@seas.upenn.edu": {
    "success": true,
    "message": "Invited new user to organization: Pennsieve Hackathon",
    "email": "wanghy@seas.upenn.edu",
    "invite": {
      "id": "N:user:2ec26146-3040-410a-a99a-213eda22ee5d",
      "email": "wanghy@seas.upenn.edu",
      "firstName": "Hsiangyung(Louis)",
      "lastName": "Wang",
      "permission": "administer",
      "validUntil": "2026-05-17T14:37:05.644Z"
    }
  },
  "skylerzzc@gmail.com": {
    "success": true,
    "message": "Invited new user to organization: Pennsieve Hackathon",
    "email": "skylerzzc@gmail.com",
    "invite": {
      "id": "N:user:b224de59-150a-471b-9a0c-533c7414514d",
      "email": "skylerzzc@gmail.com",
      "firstName": "Skyler",
      "lastName": "Zhou",
      "permission": "administer",
      "validUntil": "2026-05-17T14:37:05.655Z"
    }
  },
  "aarathiraghuraman@gmail.com": {
    "success": true,
    "message": "Invited new user to organization: Pennsieve Hackathon",
    "email": "aarathiraghuraman@gmail.com",
    "invite": {
      "id": "N:user:47a24f75-1b91-475e-a7ff-dd6e6e0e0ed4",
      "email": "aarathiraghuraman@gmail.com",
      "firstName": "Aarathi",
      "lastName": "Raghuraman",
      "permission": "administer",
      "validUntil": "2026-05-17T14:37:05.649Z"
    }
  },
  "malekkam@pennmedicine.upenn.edu": {
    "success": true,
    "message": "Invited new user to organization: Pennsieve Hackathon",
    "email": "malekkam@pennmedicine.upenn.edu",
    "invite": {
      "id": "N:user:cd9310cf-04b5-4a44-a4a8-fa3a8ee7802d",
      "email": "malekkam@pennmedicine.upenn.edu",
      "firstName": "Malek",
      "lastName": "Kamoun",
      "permission": "administer",
      "validUntil": "2026-05-17T14:37:05.642Z"
    }
  },
  "hitakam@seas.upenn.edu": {
    "success": true,
    "message": "Invited new user to organization: Pennsieve Hackathon",
    "email": "hitakam@seas.upenn.edu",
    "invite": {
      "id": "N:user:8c4ced91-a6a6-4600-94f1-56241235a527",
      "email": "hitakam@seas.upenn.edu",
      "firstName": "Hita",
      "lastName": "Kambhamettu",
      "permission": "administer",
      "validUntil": "2026-05-17T14:37:05.657Z"
    }
  },
  "alexisg0208@gmail.com": {
    "success": true,
    "message": "Invited new user to organization: Pennsieve Hackathon",
    "email": "alexisg0208@gmail.com",
    "invite": {
      "id": "N:user:b4fe359b-e062-4acb-aadf-fc38042c4658",
      "email": "alexisg0208@gmail.com",
      "firstName": "Alexis",
      "lastName": "Garofalo",
      "permission": "administer",
      "validUntil": "2026-05-17T14:37:05.642Z"
    }
  },
  "gzyang@seas.upenn.edu": {
    "success": true,
    "message": "Invited new user to organization: Pennsieve Hackathon",
    "email": "gzyang@seas.upenn.edu",
    "invite": {
      "id": "N:user:f06e612b-9ed7-4edf-a903-543c606c67c9",
      "email": "gzyang@seas.upenn.edu",
      "firstName": "Zhiyang",
      "lastName": "Gan",
      "permission": "administer",
      "validUntil": "2026-05-17T14:37:05.644Z"
    }
  },
  "bryant.duong@pennmedicine.upenn.edu": {
    "success": true,
    "message": "Invited new user to organization: Pennsieve Hackathon",
    "email": "bryant.duong@pennmedicine.upenn.edu",
    "invite": {
      "id": "N:user:ff0222a1-72d6-43b8-9a07-5650a14394f1",
      "email": "bryant.duong@pennmedicine.upenn.edu",
      "firstName": "Bryant",
      "lastName": "Duong",
      "permission": "administer",
      "validUntil": "2026-05-17T14:37:05.642Z"
    }
  },
  "juliahannoll@gmail.com": {
    "success": true,
    "message": "Invited new user to organization: Pennsieve Hackathon",
    "email": "juliahannoll@gmail.com",
    "invite": {
      "id": "N:user:e50d8cb9-205d-479b-9974-5a666b7be9d8",
      "email": "juliahannoll@gmail.com",
      "firstName": "Julia",
      "lastName": "Han Noll",
      "permission": "administer",
      "validUntil": "2026-05-17T14:37:05.653Z"
    }
  },
  "lahiria@chop.edu": {
    "success": true,
    "message": "Invited new user to organization: Pennsieve Hackathon",
    "email": "lahiria@chop.edu",
    "invite": {
      "id": "N:user:ec982999-3991-499a-90b6-90d12ebc66c0",
      "email": "lahiria@chop.edu",
      "firstName": "Aditya",
      "lastName": "Lahiri",
      "permission": "administer",
      "validUntil": "2026-05-17T14:37:05.642Z"
    }
  },
  "ruicatx@upenn.edu": {
    "success": true,
    "message": "Invited new user to organization: Pennsieve Hackathon",
    "email": "ruicatx@upenn.edu",
    "invite": {
      "id": "N:user:dff1563e-a42a-49ae-a33a-53754ea2c0e9",
      "email": "ruicatx@upenn.edu",
      "firstName": "Rui",
      "lastName": "Xiao",
      "permission": "administer",
      "validUntil": "2026-05-17T14:37:05.667Z"
    }
  },
  "sy.hwang@pennmedicine.upenn.edu": {
    "success": true,
    "message": "Added existing user to organization: Pennsieve Hackathon",
    "email": "sy.hwang@pennmedicine.upenn.edu",
    "user": {
      "id": "N:user:475a2704-f22a-4029-b743-7cc478b80eb7",
      "email": "sy.hwang@pennmedicine.upenn.edu",
      "firstName": "Sy",
      "lastName": "Hwang",
      "credential": "PhD student",
      "color": "#7765E3",
      "url": "",
      "authyId": 0,
      "isSuperAdmin": false,
      "isIntegrationUser": false,
      "createdAt": "2025-02-13T19:48:49.531905Z",
      "updatedAt": "2025-02-27T20:00:05.829964Z",
      "customTermsOfService": [],
      "intId": 1997
    }
  },
  "dmaseda@gmail.com": {
    "success": true,
    "message": "Invited new user to organization: Pennsieve Hackathon",
    "email": "dmaseda@gmail.com",
    "invite": {
      "id": "N:user:c129b3d9-e8f7-48ad-8e61-ce705feb4221",
      "email": "dmaseda@gmail.com",
      "firstName": "Damian",
      "lastName": "Maseda",
      "permission": "administer",
      "validUntil": "2026-05-17T14:37:05.642Z"
    }
  },
  "jojofabe@gmail.com": {
    "success": true,
    "message": "Invited new user to organization: Pennsieve Hackathon",
    "email": "jojofabe@gmail.com",
    "invite": {
      "id": "N:user:eb823b06-7d6d-4cae-853a-216a63334efa",
      "email": "jojofabe@gmail.com",
      "firstName": "Jouella",
      "lastName": "Fabe",
      "permission": "administer",
      "validUntil": "2026-05-17T14:37:05.642Z"
    }
  },
  "huangy897@gmail.com": {
    "success": true,
    "message": "Invited new user to organization: Pennsieve Hackathon",
    "email": "huangy897@gmail.com",
    "invite": {
      "id": "N:user:6a03aaa5-fc77-4690-9dc4-7e0d0b4194d1",
      "email": "huangy897@gmail.com",
      "firstName": "Yidi",
      "lastName": "Huang",
      "permission": "administer",
      "validUntil": "2026-05-17T14:37:05.642Z"
    }
  },
  "yjk@seas.upenn.edu": {
    "success": true,
    "message": "Invited new user to organization: Pennsieve Hackathon",
    "email": "yjk@seas.upenn.edu",
    "invite": {
      "id": "N:user:c42b89d4-446d-4cdd-b9db-a378bc52acb3",
      "email": "yjk@seas.upenn.edu",
      "firstName": "Yunjun",
      "lastName": "",
      "permission": "administer",
      "validUntil": "2026-05-17T14:37:05.658Z"
    }
  },
  "kdocneo@upenn.edu": {
    "success": true,
    "message": "Invited new user to organization: Pennsieve Hackathon",
    "email": "kdocneo@upenn.edu",
    "invite": {
      "id": "N:user:b22a91e6-aebf-4cd6-8f2e-cfbb3fd834ad",
      "email": "kdocneo@upenn.edu",
      "firstName": "Krithika",
      "lastName": "Lingappan",
      "permission": "administer",
      "validUntil": "2026-05-17T14:37:05.656Z"
    }
  },
  "sai.chaluvadi@pennmedicine.upenn.edu": {
    "success": true,
    "message": "Invited new user to organization: Pennsieve Hackathon",
    "email": "sai.chaluvadi@pennmedicine.upenn.edu",
    "invite": {
      "id": "N:user:56f75338-24f3-4bee-8a9f-8ccb167edbe2",
      "email": "sai.chaluvadi@pennmedicine.upenn.edu",
      "firstName": "Sai",
      "lastName": "Chaluvadi",
      "permission": "administer",
      "validUntil": "2026-05-17T14:37:05.643Z"
    }
  },
  "harrison.c.wang@pennmedicine.upenn.edu": {
    "success": true,
    "message": "Invited new user to organization: Pennsieve Hackathon",
    "email": "harrison.c.wang@pennmedicine.upenn.edu",
    "invite": {
      "id": "N:user:22f8a4b8-9326-40b2-9f8c-b35fbabf79be",
      "email": "harrison.c.wang@pennmedicine.upenn.edu",
      "firstName": "Harrison",
      "lastName": "Wang",
      "permission": "administer",
      "validUntil": "2026-05-17T14:37:05.646Z"
    }
  },
  "basavarr@pennmedicine.upenn.edu": {
    "success": true,
    "message": "Invited new user to organization: Pennsieve Hackathon",
    "email": "basavarr@pennmedicine.upenn.edu",
    "invite": {
      "id": "N:user:e8dab74c-76a1-4d4e-aebf-00a61f06ae9c",
      "email": "basavarr@pennmedicine.upenn.edu",
      "firstName": "Raghavendra",
      "lastName": "Basavaraja",
      "permission": "administer",
      "validUntil": "2026-05-17T14:37:05.677Z"
    }
  }
}

================================================================================
Summary:
  Successfully sent 64 invite(s)
================================================================================
